  aphine.cpp
C:\Users\TylerDergal\Downloads\parallel_lab-main\parallel_lab-main\lab2\aphine.cpp(45,64): warning C4244: =: преобразование "double" в "unsigned int", возможна потеря данных
C:\Users\TylerDergal\Downloads\parallel_lab-main\parallel_lab-main\lab2\aphine.cpp(47,97): warning C4244: =: преобразование "_Rep" в "double", возможна потеря данных
C:\Users\TylerDergal\Downloads\parallel_lab-main\parallel_lab-main\lab2\aphine.cpp(47,97): warning C4244:         with
C:\Users\TylerDergal\Downloads\parallel_lab-main\parallel_lab-main\lab2\aphine.cpp(47,97): warning C4244:         [
C:\Users\TylerDergal\Downloads\parallel_lab-main\parallel_lab-main\lab2\aphine.cpp(47,97): warning C4244:             _Rep=__int64
C:\Users\TylerDergal\Downloads\parallel_lab-main\parallel_lab-main\lab2\aphine.cpp(47,97): warning C4244:         ]
C:\Users\TylerDergal\Downloads\parallel_lab-main\parallel_lab-main\lab2\aphine.cpp(171,22): warning C4267: инициализация: преобразование из "size_t" в "unsigned int"; возможна потеря данных
C:\Program Files\Microsoft Visual Studio\2022\Community\VC\Tools\MSVC\14.42.34433\include\type_traits(1705,67): warning C4244: аргумент: преобразование "unsigned __int64" в "unsigned int", возможна потеря данных
  (компиляция исходного файла "aphine.cpp")
      C:\Program Files\Microsoft Visual Studio\2022\Community\VC\Tools\MSVC\14.42.34433\include\type_traits(1705,67):
      контекст создания экземпляра шаблона (сначала самый старый)
          C:\Users\TylerDergal\Downloads\parallel_lab-main\parallel_lab-main\lab2\aphine.cpp(200,37):
          выполняется компиляция ссылки на экземпляр шаблон функции "std::thread::thread<randomize::<lambda_1>&,size_t&,0>(_Fn,size_t &)"
          with
          [
              _Fn=randomize::<lambda_1> &
          ]
          C:\Program Files\Microsoft Visual Studio\2022\Community\VC\Tools\MSVC\14.42.34433\include\thread(93,9):
          выполняется компиляция ссылки на экземпляр шаблон функции "void std::thread::_Start<randomize::<lambda_1>&,size_t&>(_Fn,size_t &)"
          with
          [
              _Fn=randomize::<lambda_1> &
          ]
          C:\Program Files\Microsoft Visual Studio\2022\Community\VC\Tools\MSVC\14.42.34433\include\thread(76,40):
          выполняется компиляция ссылки на экземпляр шаблон функции "unsigned int (__cdecl *std::thread::_Get_invoke<std::thread::_Start::_Tuple,0,1>(std::integer_sequence<size_t,0,1>) noexcept)(void *) noexcept"
          C:\Program Files\Microsoft Visual Studio\2022\Community\VC\Tools\MSVC\14.42.34433\include\thread(67,17):
          выполняется компиляция ссылки на экземпляр шаблон функции "unsigned int std::thread::_Invoke<std::thread::_Start::_Tuple,0,1>(void *) noexcept"
          C:\Program Files\Microsoft Visual Studio\2022\Community\VC\Tools\MSVC\14.42.34433\include\thread(60,14):
          выполняется компиляция ссылки на экземпляр шаблон функции "void std::invoke<randomize::<lambda_1>,unsigned __int64,>(_Callable &&,_Ty1 &&) noexcept(false)"
          with
          [
              _Callable=randomize::<lambda_1>,
              _Ty1=unsigned __int64
          ]
  
  aphine.vcxproj -> C:\Users\TylerDergal\Downloads\parallel_lab-main\parallel_lab-main\lab2\x64\Debug\aphine.exe
